-------------------------------------------------------------------------------
Test set: com.nordigy.testrestapi.RestApiTests
-------------------------------------------------------------------------------
Tests run: 23, Failures: 5, Errors: 0, Skipped: 0, Time elapsed: 57.886 s <<< FAILURE! - in com.nordigy.testrestapi.RestApiTests
shouldNotCreateNewUserWhenSurname31Symbols  Time elapsed: 0.248 s  <<< FAILURE!
java.lang.AssertionError: 
1 expectation failed.
JSON path subErrors.get(0).message doesn't match.
Expected: is "размер должен находиться в диапазоне от 2 до 30"
  Actual: размер должен находиться в диапазоне от 2 до 15

	at com.nordigy.testrestapi.RestApiTests$PostMethodTests.shouldNotCreateNewUserWhenSurname31Symbols(RestApiTests.java:272)

shouldNotCreateNewUserWhenName16Symbols  Time elapsed: 0.071 s  <<< FAILURE!
java.lang.AssertionError: 
1 expectation failed.
Expected status code <400> but was <201>.

	at com.nordigy.testrestapi.RestApiTests$PostMethodTests.shouldNotCreateNewUserWhenName16Symbols(RestApiTests.java:235)

shouldNotCreateNewUserWhenSurname1Symbol  Time elapsed: 0.074 s  <<< FAILURE!
java.lang.AssertionError: 
1 expectation failed.
JSON path subErrors.get(0).message doesn't match.
Expected: is "размер должен находиться в диапазоне от 2 до 30"
  Actual: размер должен находиться в диапазоне от 2 до 15

	at com.nordigy.testrestapi.RestApiTests$PostMethodTests.shouldNotCreateNewUserWhenSurname1Symbol(RestApiTests.java:254)

shouldNotCreateNewUserWhenName1Symbol  Time elapsed: 0.084 s  <<< FAILURE!
java.lang.AssertionError: 
1 expectation failed.
JSON path subErrors.get(0).message doesn't match.
Expected: is "размер должен находиться в диапазоне от 2 до 15"
  Actual: размер должен находиться в диапазоне от 2 до 30

	at com.nordigy.testrestapi.RestApiTests$PostMethodTests.shouldNotCreateNewUserWhenName1Symbol(RestApiTests.java:218)

shouldReturnCorrectNumberOfPages  Time elapsed: 0.272 s  <<< FAILURE!
java.lang.AssertionError: 
1 expectation failed.
JSON path page.totalPages doesn't match.
Expected: is <1>
  Actual: 2

	at com.nordigy.testrestapi.RestApiTests$GetMethodTests.shouldReturnCorrectNumberOfPages(RestApiTests.java:66)

