<?xml version="1.0" encoding="UTF-8"?>
<testsuite xmlns:xsi="http://www.w3.org/2001/XMLSchema-instance" xsi:noNamespaceSchemaLocation="https://maven.apache.org/surefire/maven-surefire-plugin/xsd/surefire-test-report.xsd" name="com.nordigy.testrestapi.RestApiTests" time="27.831" tests="23" errors="0" skipped="0" failures="6">
  <properties>
[...]
</properties>
  <testcase name="shouldDeleteExistingUser" classname="com.nordigy.testrestapi.RestApiTests$DeleteMethodTests" time="3.354"/>
  <testcase name="shouldDoNothingWhenDeleteNotExistingUser" classname="com.nordigy.testrestapi.RestApiTests$DeleteMethodTests" time="0.053"/>
  <testcase name="shouldPatchNewInfoToExistingUser" classname="com.nordigy.testrestapi.RestApiTests$PatchMethodTests" time="0.998"/>
  <testcase name="shouldNotPatchNewInfoToNotExistingUser" classname="com.nordigy.testrestapi.RestApiTests$PatchMethodTests" time="0.049"/>
  <testcase name="shouldPutNewInfoToExistingUser" classname="com.nordigy.testrestapi.RestApiTests$PutMethodTests" time="0.071"/>
  <testcase name="shouldNotPutNewInfoToExistingUserWhenSomeFieldsEmpty" classname="com.nordigy.testrestapi.RestApiTests$PutMethodTests" time="0.181"/>
  <testcase name="shouldCreateNewUserWhenPutInfoToNotExistingUser" classname="com.nordigy.testrestapi.RestApiTests$PutMethodTests" time="0.058"/>
  <testcase name="shouldNotCreateNewUserWhenSurname31Symbols" classname="com.nordigy.testrestapi.RestApiTests$PostMethodTests" time="0.11">
    <failure message="1 expectation failed.&#10;JSON path subErrors.get(0).message doesn&apos;t match.&#10;Expected: is &quot;размер должен находиться в диапазоне от 2 до 30&quot;&#10;  Actual: размер должен находиться в диапазоне от 2 до 15&#10;" type="java.lang.AssertionError">java.lang.AssertionError: 
1 expectation failed.
JSON path subErrors.get(0).message doesn't match.
Expected: is "размер должен находиться в диапазоне от 2 до 30"
  Actual: размер должен находиться в диапазоне от 2 до 15

	at com.nordigy.testrestapi.RestApiTests$PostMethodTests.shouldNotCreateNewUserWhenSurname31Symbols(RestApiTests.java:272)
</failure>
    <system-out><![CDATA[2020-08-05 13:52:25.549  INFO 97454 --- [           main] o.s.t.c.s.DefaultTestContextBootstrapper : Neither @ContextConfiguration nor @ContextHierarchy found for test class [com.nordigy.testrestapi.RestApiTests$PostMethodTests], using DelegatingSmartContextLoader
2020-08-05 13:52:25.550  INFO 97454 --- [           main] o.s.t.c.support.AbstractContextLoader    : Could not detect default resource locations for test class [com.nordigy.testrestapi.RestApiTests$PostMethodTests]: no resource found for suffixes {-context.xml, Context.groovy}.
2020-08-05 13:52:25.550  INFO 97454 --- [           main] t.c.s.AnnotationConfigContextLoaderUtils : Could not detect default configuration classes for test class [com.nordigy.testrestapi.RestApiTests$PostMethodTests]: PostMethodTests does not declare any static, non-private, non-final, nested classes annotated with @Configuration.
2020-08-05 13:52:25.552  INFO 97454 --- [           main] o.s.t.c.s.DefaultTestContextBootstrapper : Loaded default TestExecutionListener class names from location [META-INF/spring.factories]: [org.springframework.boot.test.mock.mockito.MockitoTestExecutionListener, org.springframework.boot.test.mock.mockito.ResetMocksTestExecutionListener, org.springframework.boot.test.autoconfigure.restdocs.RestDocsTestExecutionListener, org.springframework.boot.test.autoconfigure.web.client.MockRestServiceServerResetTestExecutionListener, org.springframework.boot.test.autoconfigure.web.servlet.MockMvcPrintOnlyOnFailureTestExecutionListener, org.springframework.boot.test.autoconfigure.web.servlet.WebDriverTestExecutionListener, org.springframework.boot.test.autoconfigure.webservices.client.MockWebServiceServerTestExecutionListener, org.springframework.test.context.web.ServletTestExecutionListener, org.springframework.test.context.support.DirtiesContextBeforeModesTestExecutionListener, org.springframework.test.context.support.DependencyInjectionTestExecutionListener, org.springframework.test.context.support.DirtiesContextTestExecutionListener, org.springframework.test.context.transaction.TransactionalTestExecutionListener, org.springframework.test.context.jdbc.SqlScriptsTestExecutionListener, org.springframework.test.context.event.EventPublishingTestExecutionListener]
2020-08-05 13:52:25.552  INFO 97454 --- [           main] o.s.t.c.s.DefaultTestContextBootstrapper : Using TestExecutionListeners: [org.springframework.test.context.web.ServletTestExecutionListener@71669835, org.springframework.test.context.support.DirtiesContextBeforeModesTestExecutionListener@727d937a, org.springframework.boot.test.mock.mockito.MockitoTestExecutionListener@130901fd, org.springframework.test.context.support.DependencyInjectionTestExecutionListener@659f5f32, org.springframework.test.context.support.DirtiesContextTestExecutionListener@20fdd484, org.springframework.test.context.transaction.TransactionalTestExecutionListener@3e0575a2, org.springframework.test.context.jdbc.SqlScriptsTestExecutionListener@65589d76, org.springframework.test.context.event.EventPublishingTestExecutionListener@7a213820, org.springframework.boot.test.mock.mockito.ResetMocksTestExecutionListener@34b69a14, org.springframework.boot.test.autoconfigure.restdocs.RestDocsTestExecutionListener@210b4145, org.springframework.boot.test.autoconfigure.web.client.MockRestServiceServerResetTestExecutionListener@19cb3f, org.springframework.boot.test.autoconfigure.web.servlet.MockMvcPrintOnlyOnFailureTestExecutionListener@738a1324, org.springframework.boot.test.autoconfigure.web.servlet.WebDriverTestExecutionListener@73ec417b, org.springframework.boot.test.autoconfigure.webservices.client.MockWebServiceServerTestExecutionListener@816272a]
Request method:	POST
Request URI:	http://localhost:54436/api/users
Proxy:			<none>
Request params:	<none>
Query params:	<none>
Form params:	<none>
Path params:	<none>
Headers:		Accept=*/*
				Content-Type=application/json; charset=UTF-8
Cookies:		<none>
Multiparts:		<none>
Body:
{
    "firstName": "Ivan",
    "lastName": "Киселёв-ЛопатинКиселёв-Лопатины",
    "dayOfBirth": "2000-01-01",
    "email": "alyona@asdas.ru"
}
HTTP/1.1 400 
Vary: Origin
Vary: Access-Control-Request-Method
Vary: Access-Control-Request-Headers
Content-Type: application/json
Transfer-Encoding: chunked
Date: Wed, 05 Aug 2020 10:52:25 GMT
Connection: close

{
    "status": "BAD_REQUEST",
    "timestamp": "05-08-2020 01:52:25",
    "message": "Validation failed",
    "debugMessage": null,
    "subErrors": [
        {
            "object": "User",
            "field": "lastName",
            "rejectedValue": "Киселёв-ЛопатинКиселёв-Лопатины",
            "message": "размер должен находиться в диапазоне от 2 до 15"
        }
    ]
}
]]></system-out>
  </testcase>
  <testcase name="shouldNotCreateNewUserWhenDateInvalidFormat" classname="com.nordigy.testrestapi.RestApiTests$PostMethodTests" time="0.086"/>
  <testcase name="shouldCreateNewUserWhenName15SymbolsSurname30Symbols" classname="com.nordigy.testrestapi.RestApiTests$PostMethodTests" time="0.053">
    <failure message="1 expectation failed.&#10;Expected status code &lt;201&gt; but was &lt;400&gt;.&#10;" type="java.lang.AssertionError"><![CDATA[java.lang.AssertionError: 
1 expectation failed.
Expected status code <201> but was <400>.

	at com.nordigy.testrestapi.RestApiTests$PostMethodTests.shouldCreateNewUserWhenName15SymbolsSurname30Symbols(RestApiTests.java:193)
]]></failure>
    <system-out><![CDATA[Request method:	POST
Request URI:	http://localhost:54436/api/users
Proxy:			<none>
Request params:	<none>
Query params:	<none>
Form params:	<none>
Path params:	<none>
Headers:		Accept=*/*
				Content-Type=application/json; charset=UTF-8
Cookies:		<none>
Multiparts:		<none>
Body:
{
    "firstName": "Алёна-Генриэтта",
    "lastName": "Алёна-ГенриэттаАлёна-Генриэтта",
    "dayOfBirth": "2000-01-01",
    "email": "tgkdl@asdas.ru"
}
HTTP/1.1 400 
Vary: Origin
Vary: Access-Control-Request-Method
Vary: Access-Control-Request-Headers
Content-Type: application/json
Transfer-Encoding: chunked
Date: Wed, 05 Aug 2020 10:52:25 GMT
Connection: close

{
    "status": "BAD_REQUEST",
    "timestamp": "05-08-2020 01:52:25",
    "message": "Validation failed",
    "debugMessage": null,
    "subErrors": [
        {
            "object": "User",
            "field": "lastName",
            "rejectedValue": "Алёна-ГенриэттаАлёна-Генриэтта",
            "message": "размер должен находиться в диапазоне от 2 до 15"
        }
    ]
}
]]></system-out>
  </testcase>
  <testcase name="shouldNotCreateNewUserWhenName16Symbols" classname="com.nordigy.testrestapi.RestApiTests$PostMethodTests" time="0.044">
    <failure message="1 expectation failed.&#10;Expected status code &lt;400&gt; but was &lt;201&gt;.&#10;" type="java.lang.AssertionError"><![CDATA[java.lang.AssertionError: 
1 expectation failed.
Expected status code <400> but was <201>.

	at com.nordigy.testrestapi.RestApiTests$PostMethodTests.shouldNotCreateNewUserWhenName16Symbols(RestApiTests.java:235)
]]></failure>
    <system-out><![CDATA[Request method:	POST
Request URI:	http://localhost:54436/api/users
Proxy:			<none>
Request params:	<none>
Query params:	<none>
Form params:	<none>
Path params:	<none>
Headers:		Accept=*/*
				Content-Type=application/json; charset=UTF-8
Cookies:		<none>
Multiparts:		<none>
Body:
{
    "firstName": "Ibhjllkjhgfdddrt",
    "lastName": "Ivanov",
    "dayOfBirth": "2000-01-01",
    "email": "alyona@asdas.ru"
}
HTTP/1.1 201 
Vary: Origin
Vary: Access-Control-Request-Method
Vary: Access-Control-Request-Headers
Location: http://localhost:54436/api/users/22
Content-Type: application/hal+json
Transfer-Encoding: chunked
Date: Wed, 05 Aug 2020 10:52:25 GMT
Keep-Alive: timeout=60
Connection: keep-alive

{
    "id": 22,
    "firstName": "Ibhjllkjhgfdddrt",
    "lastName": "Ivanov",
    "email": "alyona@asdas.ru",
    "dayOfBirth": "2000-01-01",
    "_links": {
        "self": {
            "href": "http://localhost:54436/api/users/22"
        },
        "user": {
            "href": "http://localhost:54436/api/users/22"
        }
    }
}
]]></system-out>
  </testcase>
  <testcase name="shouldNotCreateNewUserWhenSurname1Symbol" classname="com.nordigy.testrestapi.RestApiTests$PostMethodTests" time="0.084">
    <failure message="1 expectation failed.&#10;JSON path subErrors.get(0).message doesn&apos;t match.&#10;Expected: is &quot;размер должен находиться в диапазоне от 2 до 30&quot;&#10;  Actual: размер должен находиться в диапазоне от 2 до 15&#10;" type="java.lang.AssertionError">java.lang.AssertionError: 
1 expectation failed.
JSON path subErrors.get(0).message doesn't match.
Expected: is "размер должен находиться в диапазоне от 2 до 30"
  Actual: размер должен находиться в диапазоне от 2 до 15

	at com.nordigy.testrestapi.RestApiTests$PostMethodTests.shouldNotCreateNewUserWhenSurname1Symbol(RestApiTests.java:254)
</failure>
    <system-out><![CDATA[Request method:	POST
Request URI:	http://localhost:54436/api/users
Proxy:			<none>
Request params:	<none>
Query params:	<none>
Form params:	<none>
Path params:	<none>
Headers:		Accept=*/*
				Content-Type=application/json; charset=UTF-8
Cookies:		<none>
Multiparts:		<none>
Body:
{
    "firstName": "Ivan",
    "lastName": "I",
    "dayOfBirth": "2000-01-01",
    "email": "alyona@asdas.ru"
}
HTTP/1.1 400 
Vary: Origin
Vary: Access-Control-Request-Method
Vary: Access-Control-Request-Headers
Content-Type: application/json
Transfer-Encoding: chunked
Date: Wed, 05 Aug 2020 10:52:25 GMT
Connection: close

{
    "status": "BAD_REQUEST",
    "timestamp": "05-08-2020 01:52:25",
    "message": "Validation failed",
    "debugMessage": null,
    "subErrors": [
        {
            "object": "User",
            "field": "lastName",
            "rejectedValue": "I",
            "message": "размер должен находиться в диапазоне от 2 до 15"
        }
    ]
}
]]></system-out>
  </testcase>
  <testcase name="shouldNotCreateNewUserWhenEmptyFields" classname="com.nordigy.testrestapi.RestApiTests$PostMethodTests" time="0.052"/>
  <testcase name="shouldNotCreateNewUserWhenName1Symbol" classname="com.nordigy.testrestapi.RestApiTests$PostMethodTests" time="0.097">
    <failure message="1 expectation failed.&#10;JSON path subErrors.get(0).message doesn&apos;t match.&#10;Expected: is &quot;размер должен находиться в диапазоне от 2 до 15&quot;&#10;  Actual: размер должен находиться в диапазоне от 2 до 30&#10;" type="java.lang.AssertionError">java.lang.AssertionError: 
1 expectation failed.
JSON path subErrors.get(0).message doesn't match.
Expected: is "размер должен находиться в диапазоне от 2 до 15"
  Actual: размер должен находиться в диапазоне от 2 до 30

	at com.nordigy.testrestapi.RestApiTests$PostMethodTests.shouldNotCreateNewUserWhenName1Symbol(RestApiTests.java:218)
</failure>
    <system-out><![CDATA[Request method:	POST
Request URI:	http://localhost:54436/api/users
Proxy:			<none>
Request params:	<none>
Query params:	<none>
Form params:	<none>
Path params:	<none>
Headers:		Accept=*/*
				Content-Type=application/json; charset=UTF-8
Cookies:		<none>
Multiparts:		<none>
Body:
{
    "firstName": "I",
    "lastName": "Ivanov",
    "dayOfBirth": "2000-01-01",
    "email": "alyona@asdas.ru"
}
HTTP/1.1 400 
Vary: Origin
Vary: Access-Control-Request-Method
Vary: Access-Control-Request-Headers
Content-Type: application/json
Transfer-Encoding: chunked
Date: Wed, 05 Aug 2020 10:52:25 GMT
Connection: close

{
    "status": "BAD_REQUEST",
    "timestamp": "05-08-2020 01:52:26",
    "message": "Validation failed",
    "debugMessage": null,
    "subErrors": [
        {
            "object": "User",
            "field": "firstName",
            "rejectedValue": "I",
            "message": "размер должен находиться в диапазоне от 2 до 30"
        }
    ]
}
]]></system-out>
  </testcase>
  <testcase name="shouldNotCreateNewUserWhenDateInFuture" classname="com.nordigy.testrestapi.RestApiTests$PostMethodTests" time="0.088"/>
  <testcase name="shouldNotCreateNewUserWhenEmailInvalid" classname="com.nordigy.testrestapi.RestApiTests$PostMethodTests" time="0.046"/>
  <testcase name="shouldCreateNewUserWhenNameAndSurname2Symbols" classname="com.nordigy.testrestapi.RestApiTests$PostMethodTests" time="0.059"/>
  <testcase name="shouldNotCreateNewUserWhenEmailAlreadyExists" classname="com.nordigy.testrestapi.RestApiTests$PostMethodTests" time="0.213"/>
  <testcase name="shouldNotReturnUserIfNotExists" classname="com.nordigy.testrestapi.RestApiTests$GetMethodTests" time="0.027"/>
  <testcase name="shouldReturnUserIfExists" classname="com.nordigy.testrestapi.RestApiTests$GetMethodTests" time="0.028"/>
  <testcase name="shouldSortByFirstNameBackward" classname="com.nordigy.testrestapi.RestApiTests$GetMethodTests" time="0.313"/>
  <testcase name="shouldReturnCorrectNumberOfPages" classname="com.nordigy.testrestapi.RestApiTests$GetMethodTests" time="0.192">
    <failure message="1 expectation failed.&#10;JSON path page.totalPages doesn&apos;t match.&#10;Expected: is &lt;1&gt;&#10;  Actual: 2&#10;" type="java.lang.AssertionError"><![CDATA[java.lang.AssertionError: 
1 expectation failed.
JSON path page.totalPages doesn't match.
Expected: is <1>
  Actual: 2

	at com.nordigy.testrestapi.RestApiTests$GetMethodTests.shouldReturnCorrectNumberOfPages(RestApiTests.java:66)
]]></failure>
    <system-out><![CDATA[Request method:	GET
Request URI:	http://localhost:54436/api/users
Proxy:			<none>
Request params:	<none>
Query params:	<none>
Form params:	<none>
Path params:	<none>
Headers:		Accept=*/*
Cookies:		<none>
Multiparts:		<none>
Body:			<none>
HTTP/1.1 200 
Vary: Origin
Vary: Access-Control-Request-Method
Vary: Access-Control-Request-Headers
Content-Type: application/hal+json
Transfer-Encoding: chunked
Date: Wed, 05 Aug 2020 10:52:26 GMT
Keep-Alive: timeout=60
Connection: keep-alive

{
    "_embedded": {
        "users": [
            {
                "id": 2,
                "firstName": "Mark",
                "lastName": "Smith",
                "email": "workingemail-2@gmail.com",
                "dayOfBirth": "1935-08-05",
                "_links": {
                    "self": {
                        "href": "http://localhost:54436/api/users/2"
                    },
                    "user": {
                        "href": "http://localhost:54436/api/users/2"
                    }
                }
            },
            {
                "id": 3,
                "firstName": "Julia",
                "lastName": "Smith",
                "email": "juli@asdas.ru",
                "dayOfBirth": "1967-01-01",
                "_links": {
                    "self": {
                        "href": "http://localhost:54436/api/users/3"
                    },
                    "user": {
                        "href": "http://localhost:54436/api/users/3"
                    }
                }
            },
            {
                "id": 4,
                "firstName": "Mary",
                "lastName": "Smith",
                "email": "workingemail-4@gmail.com",
                "dayOfBirth": "1932-08-05",
                "_links": {
                    "self": {
                        "href": "http://localhost:54436/api/users/4"
                    },
                    "user": {
                        "href": "http://localhost:54436/api/users/4"
                    }
                }
            },
            {
                "id": 5,
                "firstName": "John",
                "lastName": "Smith",
                "email": "workingemail-5@gmail.com",
                "dayOfBirth": "1965-08-05",
                "_links": {
                    "self": {
                        "href": "http://localhost:54436/api/users/5"
                    },
                    "user": {
                        "href": "http://localhost:54436/api/users/5"
                    }
                }
            },
            {
                "id": 6,
                "firstName": "Mark",
                "lastName": "Li",
                "email": "workingemail-6@gmail.com",
                "dayOfBirth": "1969-08-05",
                "_links": {
                    "self": {
                        "href": "http://localhost:54436/api/users/6"
                    },
                    "user": {
                        "href": "http://localhost:54436/api/users/6"
                    }
                }
            },
            {
                "id": 7,
                "firstName": "Mark",
                "lastName": "Li",
                "email": "workingemail-7@gmail.com",
                "dayOfBirth": "1949-08-05",
                "_links": {
                    "self": {
                        "href": "http://localhost:54436/api/users/7"
                    },
                    "user": {
                        "href": "http://localhost:54436/api/users/7"
                    }
                }
            },
            {
                "id": 8,
                "firstName": "Mark",
                "lastName": "Li",
                "email": "workingemail-8@gmail.com",
                "dayOfBirth": "1972-08-05",
                "_links": {
                    "self": {
                        "href": "http://localhost:54436/api/users/8"
                    },
                    "user": {
                        "href": "http://localhost:54436/api/users/8"
                    }
                }
            },
            {
                "id": 9,
                "firstName": "Nataly",
                "lastName": "Doe",
                "email": "workingemail-9@gmail.com",
                "dayOfBirth": "1961-08-05",
                "_links": {
                    "self": {
                        "href": "http://localhost:54436/api/users/9"
                    },
                    "user": {
                        "href": "http://localhost:54436/api/users/9"
                    }
                }
            },
            {
                "id": 10,
                "firstName": "Nataly",
                "lastName": "Portman",
                "email": "workingemail-10@gmail.com",
                "dayOfBirth": "1979-08-05",
                "_links": {
                    "self": {
                        "href": "http://localhost:54436/api/users/10"
                    },
                    "user": {
                        "href": "http://localhost:54436/api/users/10"
                    }
                }
            },
            {
                "id": 11,
                "firstName": "Robert",
                "lastName": "Li",
                "email": "workingemail-11@gmail.com",
                "dayOfBirth": "1968-08-05",
                "_links": {
                    "self": {
                        "href": "http://localhost:54436/api/users/11"
                    },
                    "user": {
                        "href": "http://localhost:54436/api/users/11"
                    }
                }
            },
            {
                "id": 12,
                "firstName": "Ani",
                "lastName": "Portman",
                "email": "ani@asdas.ru",
                "dayOfBirth": "1998-08-05",
                "_links": {
                    "self": {
                        "href": "http://localhost:54436/api/users/12"
                    },
                    "user": {
                        "href": "http://localhost:54436/api/users/12"
                    }
                }
            },
            {
                "id": 13,
                "firstName": "Mary",
                "lastName": "Smith",
                "email": "workingemail-13@gmail.com",
                "dayOfBirth": "1937-08-05",
                "_links": {
                    "self": {
                        "href": "http://localhost:54436/api/users/13"
                    },
                    "user": {
                        "href": "http://localhost:54436/api/users/13"
                    }
                }
            },
            {
                "id": 14,
                "firstName": "John",
                "lastName": "Li",
                "email": "workingemail-14@gmail.com",
                "dayOfBirth": "1973-08-05",
                "_links": {
                    "self": {
                        "href": "http://localhost:54436/api/users/14"
                    },
                    "user": {
                        "href": "http://localhost:54436/api/users/14"
                    }
                }
            },
            {
                "id": 15,
                "firstName": "Robert",
                "lastName": "Roach",
                "email": "workingemail-15@gmail.com",
                "dayOfBirth": "1980-08-05",
                "_links": {
                    "self": {
                        "href": "http://localhost:54436/api/users/15"
                    },
                    "user": {
                        "href": "http://localhost:54436/api/users/15"
                    }
                }
            },
            {
                "id": 16,
                "firstName": "Mary",
                "lastName": "Smith",
                "email": "workingemail-16@gmail.com",
                "dayOfBirth": "1953-08-05",
                "_links": {
                    "self": {
                        "href": "http://localhost:54436/api/users/16"
                    },
                    "user": {
                        "href": "http://localhost:54436/api/users/16"
                    }
                }
            },
            {
                "id": 17,
                "firstName": "Mary",
                "lastName": "Erickson",
                "email": "workingemail-17@gmail.com",
                "dayOfBirth": "1948-08-05",
                "_links": {
                    "self": {
                        "href": "http://localhost:54436/api/users/17"
                    },
                    "user": {
                        "href": "http://localhost:54436/api/users/17"
                    }
                }
            },
            {
                "id": 18,
                "firstName": "Robert",
                "lastName": "Smith",
                "email": "workingemail-18@gmail.com",
                "dayOfBirth": "1966-08-05",
                "_links": {
                    "self": {
                        "href": "http://localhost:54436/api/users/18"
                    },
                    "user": {
                        "href": "http://localhost:54436/api/users/18"
                    }
                }
            },
            {
                "id": 19,
                "firstName": "Robert",
                "lastName": "Erickson",
                "email": "workingemail-19@gmail.com",
                "dayOfBirth": "1933-08-05",
                "_links": {
                    "self": {
                        "href": "http://localhost:54436/api/users/19"
                    },
                    "user": {
                        "href": "http://localhost:54436/api/users/19"
                    }
                }
            },
            {
                "id": 20,
                "firstName": "Robert",
                "lastName": "Portman",
                "email": "workingemail-20@gmail.com",
                "dayOfBirth": "1948-08-05",
                "_links": {
                    "self": {
                        "href": "http://localhost:54436/api/users/20"
                    },
                    "user": {
                        "href": "http://localhost:54436/api/users/20"
                    }
                }
            },
            {
                "id": 21,
                "firstName": "Mari",
                "lastName": "Brown",
                "email": "mari@gjgj.com",
                "dayOfBirth": "1989-03-02",
                "_links": {
                    "self": {
                        "href": "http://localhost:54436/api/users/21"
                    },
                    "user": {
                        "href": "http://localhost:54436/api/users/21"
                    }
                }
            }
        ]
    },
    "_links": {
        "first": {
            "href": "http://localhost:54436/api/users?page=0&size=20"
        },
        "self": {
            "href": "http://localhost:54436/api/users"
        },
        "next": {
            "href": "http://localhost:54436/api/users?page=1&size=20"
        },
        "last": {
            "href": "http://localhost:54436/api/users?page=1&size=20"
        },
        "profile": {
            "href": "http://localhost:54436/api/profile/users"
        }
    },
    "page": {
        "size": 20,
        "totalElements": 23,
        "totalPages": 2,
        "number": 0
    }
}
]]></system-out>
  </testcase>
  <testcase name="shouldSortByFirstNameForward" classname="com.nordigy.testrestapi.RestApiTests$GetMethodTests" time="0.182"/>
</testsuite>